<?xml version="1.0" encoding="UTF-8"?>
<!-- Generated by org.testng.reporters.JUnitReportReporter -->
<testsuite name="com.regence.testcases.LoginTestRegence" tests="2" time="21.177" ignored="0" failures="0" timestamp="03 Jun 2020 21:46:47 GMT" skipped="0" hostname="DESKTOP-5GOIKUP" errors="0">
  <testcase name="loginapp1" time="9.351" classname="com.regence.testcases.LoginTestRegence"/>
  <testcase name="loginapp" time="11.826" classname="com.regence.testcases.LoginTestRegence"/>
</testsuite> <!-- com.regence.testcases.LoginTestRegence -->
